[debug] [2022-10-25T13:47:49.492Z] ----------------------------------------------------------------------
[debug] [2022-10-25T13:47:49.494Z] Command:       C:\Program Files\nodejs\node.exe C:\Program Files\nodejs\node_modules\firebase-tools\lib\bin\firebase.js init
[debug] [2022-10-25T13:47:49.495Z] CLI Version:   11.15.0
[debug] [2022-10-25T13:47:49.495Z] Platform:      win32
[debug] [2022-10-25T13:47:49.495Z] Node Version:  v16.17.0
[debug] [2022-10-25T13:47:49.497Z] Time:          Tue Oct 25 2022 19:17:49 GMT+0530 (India Standard Time)
[debug] [2022-10-25T13:47:49.497Z] ----------------------------------------------------------------------
[debug] 
[debug] [2022-10-25T13:47:49.507Z] > command requires scopes: ["email","openid","https://www.googleapis.com/auth/cloudplatformprojects.readonly","https://www.googleapis.com/auth/firebase","https://www.googleapis.com/auth/cloud-platform"]
[debug] [2022-10-25T13:47:49.508Z] > authorizing via signed-in user (pushpaleelakumari209@gmail.com)
[info] 
     ######## #### ########  ######## ########     ###     ######  ########
     ##        ##  ##     ## ##       ##     ##  ##   ##  ##       ##
     ######    ##  ########  ######   ########  #########  ######  ######
     ##        ##  ##    ##  ##       ##     ## ##     ##       ## ##
     ##       #### ##     ## ######## ########  ##     ##  ######  ########

You're about to initialize a Firebase project in this directory:

  C:\Users\vijay\Desktop\frontend projects\React_Disney

[info] 
=== Project Setup
[info] 
[info] First, let's associate this project directory with a Firebase project.
[info] You can create multiple project aliases by running firebase use --add, 
[info] but for now we'll just set up a default project.
[info] 
[debug] [2022-10-25T13:48:41.182Z] >>> [apiv2][query] GET https://firebase.googleapis.com/v1beta1/projects pageSize=100
[debug] [2022-10-25T13:48:41.983Z] <<< [apiv2][status] GET https://firebase.googleapis.com/v1beta1/projects 200
[debug] [2022-10-25T13:48:41.984Z] <<< [apiv2][body] GET https://firebase.googleapis.com/v1beta1/projects [omitted]
[info] i  Using project disney-project-b8911 (Disney-Project) 
[info] 
=== Database Setup
[info] i  database: ensuring required API firebasedatabase.googleapis.com is enabled... 
[debug] [2022-10-25T13:48:52.276Z] >>> [apiv2][query] GET https://serviceusage.googleapis.com/v1/projects/disney-project-b8911/services/firebasedatabase.googleapis.com [none]
[debug] [2022-10-25T13:48:52.277Z] >>> [apiv2][(partial)header] GET https://serviceusage.googleapis.com/v1/projects/disney-project-b8911/services/firebasedatabase.googleapis.com x-goog-quota-user=projects/disney-project-b8911
[debug] [2022-10-25T13:48:54.069Z] <<< [apiv2][status] GET https://serviceusage.googleapis.com/v1/projects/disney-project-b8911/services/firebasedatabase.googleapis.com 200
[debug] [2022-10-25T13:48:54.070Z] <<< [apiv2][body] GET https://serviceusage.googleapis.com/v1/projects/disney-project-b8911/services/firebasedatabase.googleapis.com [omitted]
[warn] !  database: missing required API firebasedatabase.googleapis.com. Enabling now... 
[debug] [2022-10-25T13:48:54.077Z] >>> [apiv2][query] POST https://serviceusage.googleapis.com/v1/projects/disney-project-b8911/services/firebasedatabase.googleapis.com:enable [none]
[debug] [2022-10-25T13:48:54.077Z] >>> [apiv2][(partial)header] POST https://serviceusage.googleapis.com/v1/projects/disney-project-b8911/services/firebasedatabase.googleapis.com:enable x-goog-quota-user=projects/disney-project-b8911
[debug] [2022-10-25T13:48:55.837Z] <<< [apiv2][status] POST https://serviceusage.googleapis.com/v1/projects/disney-project-b8911/services/firebasedatabase.googleapis.com:enable 200
[debug] [2022-10-25T13:48:55.838Z] <<< [apiv2][body] POST https://serviceusage.googleapis.com/v1/projects/disney-project-b8911/services/firebasedatabase.googleapis.com:enable [omitted]
[debug] [2022-10-25T13:49:05.847Z] >>> [apiv2][query] GET https://serviceusage.googleapis.com/v1/projects/disney-project-b8911/services/firebasedatabase.googleapis.com [none]
[debug] [2022-10-25T13:49:05.848Z] >>> [apiv2][(partial)header] GET https://serviceusage.googleapis.com/v1/projects/disney-project-b8911/services/firebasedatabase.googleapis.com x-goog-quota-user=projects/disney-project-b8911
[debug] [2022-10-25T13:49:07.508Z] <<< [apiv2][status] GET https://serviceusage.googleapis.com/v1/projects/disney-project-b8911/services/firebasedatabase.googleapis.com 200
[debug] [2022-10-25T13:49:07.509Z] <<< [apiv2][body] GET https://serviceusage.googleapis.com/v1/projects/disney-project-b8911/services/firebasedatabase.googleapis.com [omitted]
[info] +  database: required API firebasedatabase.googleapis.com is enabled 
[info] 
[debug] [2022-10-25T13:49:07.530Z] >>> [apiv2][query] GET https://firebase.googleapis.com/v1beta1/projects/disney-project-b8911 [none]
[debug] [2022-10-25T13:49:07.939Z] <<< [apiv2][status] GET https://firebase.googleapis.com/v1beta1/projects/disney-project-b8911 200
[debug] [2022-10-25T13:49:07.940Z] <<< [apiv2][body] GET https://firebase.googleapis.com/v1beta1/projects/disney-project-b8911 {"projectId":"disney-project-b8911","projectNumber":"79310095232","displayName":"Disney-Project","name":"projects/disney-project-b8911","resources":{"hostingSite":"disney-project-b8911","storageBucket":"disney-project-b8911.appspot.com","locationId":"us-central"},"state":"ACTIVE","etag":"1_7597a9eb-b2e3-4f8e-8f76-b87d2189191c"}
[debug] [2022-10-25T13:50:10.743Z] >>> [apiv2][query] POST https://firebasedatabase.googleapis.com/v1beta/projects/disney-project-b8911/locations/us-central1/instances databaseId=disney-project-b8911-default-rtdb&validateOnly=true
[debug] [2022-10-25T13:50:10.743Z] >>> [apiv2][body] POST https://firebasedatabase.googleapis.com/v1beta/projects/disney-project-b8911/locations/us-central1/instances {"type":"default_database"}
[debug] [2022-10-25T13:50:12.007Z] <<< [apiv2][status] POST https://firebasedatabase.googleapis.com/v1beta/projects/disney-project-b8911/locations/us-central1/instances 200
[debug] [2022-10-25T13:50:12.008Z] <<< [apiv2][body] POST https://firebasedatabase.googleapis.com/v1beta/projects/disney-project-b8911/locations/us-central1/instances {"name":"projects/79310095232/locations/us-central1/instances/disney-project-b8911-default-rtdb","project":"projects/79310095232","databaseUrl":"https://disney-project-b8911-default-rtdb.firebaseio.com","type":"DEFAULT_DATABASE","state":"ACTIVE"}
[debug] [2022-10-25T13:50:12.021Z] >>> [apiv2][query] POST https://firebasedatabase.googleapis.com/v1beta/projects/disney-project-b8911/locations/us-central1/instances databaseId=disney-project-b8911-default-rtdb
[debug] [2022-10-25T13:50:12.022Z] >>> [apiv2][body] POST https://firebasedatabase.googleapis.com/v1beta/projects/disney-project-b8911/locations/us-central1/instances {"type":"default_database"}
[debug] [2022-10-25T13:50:13.719Z] <<< [apiv2][status] POST https://firebasedatabase.googleapis.com/v1beta/projects/disney-project-b8911/locations/us-central1/instances 200
[debug] [2022-10-25T13:50:13.719Z] <<< [apiv2][body] POST https://firebasedatabase.googleapis.com/v1beta/projects/disney-project-b8911/locations/us-central1/instances {"name":"projects/79310095232/locations/us-central1/instances/disney-project-b8911-default-rtdb","project":"projects/79310095232","databaseUrl":"https://disney-project-b8911-default-rtdb.firebaseio.com","type":"DEFAULT_DATABASE","state":"ACTIVE"}
[info] 
[info] Firebase Realtime Database Security Rules allow you to define how your data should be
[info] structured and when your data can be read from and written to.
[info] 
[debug] [2022-10-25T13:50:23.890Z] >>> [apiv2][query] GET https://disney-project-b8911-default-rtdb.firebaseio.com/.settings/rules.json [none]
[debug] [2022-10-25T13:50:25.074Z] <<< [apiv2][status] GET https://disney-project-b8911-default-rtdb.firebaseio.com/.settings/rules.json 200
[debug] [2022-10-25T13:50:25.075Z] <<< [apiv2][body] GET https://disney-project-b8911-default-rtdb.firebaseio.com/.settings/rules.json [stream]
[info] +  Database Rules for disney-project-b8911-default-rtdb have been written to database.rules.json. 
[info] Future modifications to database.rules.json will update Realtime Database Security Rules when you run
[info] firebase deploy.
[info] 
=== Firestore Setup
[debug] [2022-10-25T13:50:25.099Z] >>> [apiv2][query] GET https://serviceusage.googleapis.com/v1/projects/disney-project-b8911/services/firestore.googleapis.com [none]
[debug] [2022-10-25T13:50:25.100Z] >>> [apiv2][(partial)header] GET https://serviceusage.googleapis.com/v1/projects/disney-project-b8911/services/firestore.googleapis.com x-goog-quota-user=projects/disney-project-b8911
[debug] [2022-10-25T13:50:26.821Z] <<< [apiv2][status] GET https://serviceusage.googleapis.com/v1/projects/disney-project-b8911/services/firestore.googleapis.com 200
[debug] [2022-10-25T13:50:26.822Z] <<< [apiv2][body] GET https://serviceusage.googleapis.com/v1/projects/disney-project-b8911/services/firestore.googleapis.com [omitted]
[debug] [2022-10-25T13:50:26.824Z] >>> [apiv2][query] GET https://appengine.googleapis.com/v1/apps/disney-project-b8911 [none]
[debug] [2022-10-25T13:50:28.460Z] <<< [apiv2][status] GET https://appengine.googleapis.com/v1/apps/disney-project-b8911 200
[debug] [2022-10-25T13:50:28.460Z] <<< [apiv2][body] GET https://appengine.googleapis.com/v1/apps/disney-project-b8911 {"name":"apps/disney-project-b8911","id":"disney-project-b8911","authDomain":"gmail.com","locationId":"us-central","codeBucket":"staging.disney-project-b8911.appspot.com","servingStatus":"SERVING","defaultHostname":"disney-project-b8911.uc.r.appspot.com","defaultBucket":"disney-project-b8911.appspot.com","serviceAccount":"disney-project-b8911@appspot.gserviceaccount.com","gcrDomain":"us.gcr.io","databaseType":"CLOUD_FIRESTORE","featureSettings":{"splitHealthChecks":true,"useContainerOptimizedOs":true}}
[debug] [2022-10-25T13:50:28.461Z] database_type: CLOUD_FIRESTORE
[debug] [2022-10-25T13:50:28.465Z] > command requires scopes: ["email","openid","https://www.googleapis.com/auth/cloudplatformprojects.readonly","https://www.googleapis.com/auth/firebase","https://www.googleapis.com/auth/cloud-platform"]
[debug] [2022-10-25T13:50:28.466Z] > authorizing via signed-in user (pushpaleelakumari209@gmail.com)
[debug] [2022-10-25T13:50:28.466Z] [iam] checking project disney-project-b8911 for permissions ["firebase.projects.get"]
[debug] [2022-10-25T13:50:28.469Z] >>> [apiv2][query] POST https://cloudresourcemanager.googleapis.com/v1/projects/disney-project-b8911:testIamPermissions [none]
[debug] [2022-10-25T13:50:28.469Z] >>> [apiv2][(partial)header] POST https://cloudresourcemanager.googleapis.com/v1/projects/disney-project-b8911:testIamPermissions x-goog-quota-user=projects/disney-project-b8911
[debug] [2022-10-25T13:50:28.469Z] >>> [apiv2][body] POST https://cloudresourcemanager.googleapis.com/v1/projects/disney-project-b8911:testIamPermissions {"permissions":["firebase.projects.get"]}
[debug] [2022-10-25T13:50:29.967Z] <<< [apiv2][status] POST https://cloudresourcemanager.googleapis.com/v1/projects/disney-project-b8911:testIamPermissions 200
[debug] [2022-10-25T13:50:29.968Z] <<< [apiv2][body] POST https://cloudresourcemanager.googleapis.com/v1/projects/disney-project-b8911:testIamPermissions {"permissions":["firebase.projects.get"]}
[info] 
[info] Firestore Security Rules allow you to define how and when to allow
[info] requests. You can keep these rules in your project directory
[info] and publish them with firebase deploy.
[info] 
[debug] [2022-10-25T13:50:51.356Z] >>> [apiv2][query] GET https://firebaserules.googleapis.com/v1/projects/disney-project-b8911/releases pageSize=10&pageToken=
[debug] [2022-10-25T13:50:53.063Z] <<< [apiv2][status] GET https://firebaserules.googleapis.com/v1/projects/disney-project-b8911/releases 200
[debug] [2022-10-25T13:50:53.063Z] <<< [apiv2][body] GET https://firebaserules.googleapis.com/v1/projects/disney-project-b8911/releases {"releases":[{"name":"projects/disney-project-b8911/releases/cloud.firestore","rulesetName":"projects/disney-project-b8911/rulesets/b6dc39ed-ad98-44ad-9ad4-5a4b47461c64","createTime":"2022-10-17T17:31:40.539621Z","updateTime":"2022-10-17T17:31:40.539621Z"}]}
[debug] [2022-10-25T13:50:53.064Z] Found ruleset: projects/disney-project-b8911/rulesets/b6dc39ed-ad98-44ad-9ad4-5a4b47461c64
[debug] [2022-10-25T13:50:53.066Z] >>> [apiv2][query] GET https://firebaserules.googleapis.com/v1/projects/disney-project-b8911/rulesets/b6dc39ed-ad98-44ad-9ad4-5a4b47461c64 [none]
[debug] [2022-10-25T13:50:54.924Z] <<< [apiv2][status] GET https://firebaserules.googleapis.com/v1/projects/disney-project-b8911/rulesets/b6dc39ed-ad98-44ad-9ad4-5a4b47461c64 200
[debug] [2022-10-25T13:50:54.925Z] <<< [apiv2][body] GET https://firebaserules.googleapis.com/v1/projects/disney-project-b8911/rulesets/b6dc39ed-ad98-44ad-9ad4-5a4b47461c64 [omitted]
[info] 
[info] Firestore indexes allow you to perform complex queries while
[info] maintaining performance that scales with the size of the result
[info] set. You can keep index definitions in your project directory
[info] and publish them with firebase deploy.
[info] 
[debug] [2022-10-25T13:50:56.612Z] >>> [apiv2][query] GET https://firestore.googleapis.com/v1/projects/disney-project-b8911/databases/(default)/collectionGroups/-/indexes [none]
[debug] [2022-10-25T13:50:56.615Z] >>> [apiv2][query] GET https://firestore.googleapis.com/v1/projects/disney-project-b8911/databases/(default)/collectionGroups/-/fields?filter=indexConfig.usesAncestorConfig=false [none]
[debug] [2022-10-25T13:50:58.246Z] <<< [apiv2][status] GET https://firestore.googleapis.com/v1/projects/disney-project-b8911/databases/(default)/collectionGroups/-/indexes 200
[debug] [2022-10-25T13:50:58.247Z] <<< [apiv2][body] GET https://firestore.googleapis.com/v1/projects/disney-project-b8911/databases/(default)/collectionGroups/-/indexes {}
[debug] [2022-10-25T13:50:58.249Z] <<< [apiv2][status] GET https://firestore.googleapis.com/v1/projects/disney-project-b8911/databases/(default)/collectionGroups/-/fields?filter=indexConfig.usesAncestorConfig=false 200
[debug] [2022-10-25T13:50:58.249Z] <<< [apiv2][body] GET https://firestore.googleapis.com/v1/projects/disney-project-b8911/databases/(default)/collectionGroups/-/fields?filter=indexConfig.usesAncestorConfig=false {"fields":[{"name":"projects/disney-project-b8911/databases/(default)/collectionGroups/__default__/fields/*","indexConfig":{"indexes":[{"queryScope":"COLLECTION","fields":[{"fieldPath":"*","order":"ASCENDING"}],"state":"READY"},{"queryScope":"COLLECTION","fields":[{"fieldPath":"*","order":"DESCENDING"}],"state":"READY"},{"queryScope":"COLLECTION","fields":[{"fieldPath":"*","arrayConfig":"CONTAINS"}],"state":"READY"}]}}]}
[info] 
=== Functions Setup
[debug] [2022-10-25T13:50:58.262Z] > command requires scopes: ["email","openid","https://www.googleapis.com/auth/cloudplatformprojects.readonly","https://www.googleapis.com/auth/firebase","https://www.googleapis.com/auth/cloud-platform"]
[debug] [2022-10-25T13:50:58.263Z] > authorizing via signed-in user (pushpaleelakumari209@gmail.com)
[debug] [2022-10-25T13:50:58.264Z] [iam] checking project disney-project-b8911 for permissions ["firebase.projects.get"]
[debug] [2022-10-25T13:50:58.265Z] >>> [apiv2][query] POST https://cloudresourcemanager.googleapis.com/v1/projects/disney-project-b8911:testIamPermissions [none]
[debug] [2022-10-25T13:50:58.265Z] >>> [apiv2][(partial)header] POST https://cloudresourcemanager.googleapis.com/v1/projects/disney-project-b8911:testIamPermissions x-goog-quota-user=projects/disney-project-b8911
[debug] [2022-10-25T13:50:58.266Z] >>> [apiv2][body] POST https://cloudresourcemanager.googleapis.com/v1/projects/disney-project-b8911:testIamPermissions {"permissions":["firebase.projects.get"]}
[debug] [2022-10-25T13:50:59.599Z] <<< [apiv2][status] POST https://cloudresourcemanager.googleapis.com/v1/projects/disney-project-b8911:testIamPermissions 200
[debug] [2022-10-25T13:50:59.599Z] <<< [apiv2][body] POST https://cloudresourcemanager.googleapis.com/v1/projects/disney-project-b8911:testIamPermissions {"permissions":["firebase.projects.get"]}
[debug] [2022-10-25T13:50:59.599Z] >>> [apiv2][query] GET https://serviceusage.googleapis.com/v1/projects/disney-project-b8911/services/cloudfunctions.googleapis.com [none]
[debug] [2022-10-25T13:50:59.599Z] >>> [apiv2][(partial)header] GET https://serviceusage.googleapis.com/v1/projects/disney-project-b8911/services/cloudfunctions.googleapis.com x-goog-quota-user=projects/disney-project-b8911
[debug] [2022-10-25T13:50:59.603Z] >>> [apiv2][query] GET https://serviceusage.googleapis.com/v1/projects/disney-project-b8911/services/runtimeconfig.googleapis.com [none]
[debug] [2022-10-25T13:50:59.603Z] >>> [apiv2][(partial)header] GET https://serviceusage.googleapis.com/v1/projects/disney-project-b8911/services/runtimeconfig.googleapis.com x-goog-quota-user=projects/disney-project-b8911
[debug] [2022-10-25T13:51:01.256Z] <<< [apiv2][status] GET https://serviceusage.googleapis.com/v1/projects/disney-project-b8911/services/cloudfunctions.googleapis.com 200
[debug] [2022-10-25T13:51:01.257Z] <<< [apiv2][body] GET https://serviceusage.googleapis.com/v1/projects/disney-project-b8911/services/cloudfunctions.googleapis.com [omitted]
[debug] [2022-10-25T13:51:01.257Z] >>> [apiv2][query] POST https://serviceusage.googleapis.com/v1/projects/disney-project-b8911/services/cloudfunctions.googleapis.com:enable [none]
[debug] [2022-10-25T13:51:01.257Z] >>> [apiv2][(partial)header] POST https://serviceusage.googleapis.com/v1/projects/disney-project-b8911/services/cloudfunctions.googleapis.com:enable x-goog-quota-user=projects/disney-project-b8911
[debug] [2022-10-25T13:51:01.287Z] <<< [apiv2][status] GET https://serviceusage.googleapis.com/v1/projects/disney-project-b8911/services/runtimeconfig.googleapis.com 200
[debug] [2022-10-25T13:51:01.287Z] <<< [apiv2][body] GET https://serviceusage.googleapis.com/v1/projects/disney-project-b8911/services/runtimeconfig.googleapis.com [omitted]
[debug] [2022-10-25T13:51:03.944Z] <<< [apiv2][status] POST https://serviceusage.googleapis.com/v1/projects/disney-project-b8911/services/cloudfunctions.googleapis.com:enable 200
[debug] [2022-10-25T13:51:03.944Z] <<< [apiv2][body] POST https://serviceusage.googleapis.com/v1/projects/disney-project-b8911/services/cloudfunctions.googleapis.com:enable [omitted]
[debug] [2022-10-25T13:51:13.959Z] >>> [apiv2][query] GET https://serviceusage.googleapis.com/v1/projects/disney-project-b8911/services/cloudfunctions.googleapis.com [none]
[debug] [2022-10-25T13:51:13.960Z] >>> [apiv2][(partial)header] GET https://serviceusage.googleapis.com/v1/projects/disney-project-b8911/services/cloudfunctions.googleapis.com x-goog-quota-user=projects/disney-project-b8911
[debug] [2022-10-25T13:51:15.628Z] <<< [apiv2][status] GET https://serviceusage.googleapis.com/v1/projects/disney-project-b8911/services/cloudfunctions.googleapis.com 200
[debug] [2022-10-25T13:51:15.628Z] <<< [apiv2][body] GET https://serviceusage.googleapis.com/v1/projects/disney-project-b8911/services/cloudfunctions.googleapis.com [omitted]
[info] Let's create a new codebase for your functions.
[info] A directory corresponding to the codebase will be created in your project
[info] with sample code pre-configured.

[info] See https://firebase.google.com/docs/functions/organize-functions for
[info] more information on organizing your functions using codebases.

[info] Functions can be deployed with firebase deploy.

[info] +  Wrote functions/package.json 
[info] +  Wrote functions/.eslintrc.js 
[info] +  Wrote functions/index.js 
[info] +  Wrote functions/.gitignore 
[info] 
=== Hosting Setup
[info] 
[info] Your public directory is the folder (relative to your project directory) that
[info] will contain Hosting assets to be uploaded with firebase deploy. If you
[info] have a build process for your assets, use your build's output directory.
[info] 
[info] +  Wrote public/404.html 
[debug] [2022-10-25T13:54:09.000Z] >>> [apiv2][query] GET https://www.gstatic.com/firebasejs/releases.json [none]
[debug] [2022-10-25T13:54:09.105Z] <<< [apiv2][status] GET https://www.gstatic.com/firebasejs/releases.json 200
[debug] [2022-10-25T13:54:09.105Z] <<< [apiv2][body] GET https://www.gstatic.com/firebasejs/releases.json {"current":{"version":"9.12.1","browserURL":"https://www.gstatic.com/firebasejs/9.12.1/firebase.js","packageURL":"https://www.gstatic.com/firebasejs/9.12.1/firebase.tgz"},"live":{"version":"9.12","browserURL":"https://www.gstatic.com/firebasejs/live/9.12/firebase.js","packageURL":"https://www.gstatic.com/firebasejs/live/9.12/firebase.tgz"},"components":{"analytics":"https://www.gstatic.com/firebasejs/9.12.1/firebase-analytics.js","app":"https://www.gstatic.com/firebasejs/9.12.1/firebase-app.js","app-check":"https://www.gstatic.com/firebasejs/9.12.1/firebase-app-check.js","auth":"https://www.gstatic.com/firebasejs/9.12.1/firebase-auth.js","auth/cordova":"https://www.gstatic.com/firebasejs/9.12.1/firebase-auth/cordova.js","auth/react-native":"https://www.gstatic.com/firebasejs/9.12.1/firebase-auth/react-native.js","functions":"https://www.gstatic.com/firebasejs/9.12.1/firebase-functions.js","firestore":"https://www.gstatic.com/firebasejs/9.12.1/firebase-firestore.js","firestore/lite":"https://www.gstatic.com/firebasejs/9.12.1/firebase-firestore/lite.js","installations":"https://www.gstatic.com/firebasejs/9.12.1/firebase-installations.js","storage":"https://www.gstatic.com/firebasejs/9.12.1/firebase-storage.js","performance":"https://www.gstatic.com/firebasejs/9.12.1/firebase-performance.js","remote-config":"https://www.gstatic.com/firebasejs/9.12.1/firebase-remote-config.js","messaging":"https://www.gstatic.com/firebasejs/9.12.1/firebase-messaging.js","messaging/sw":"https://www.gstatic.com/firebasejs/9.12.1/firebase-messaging/sw.js","database":"https://www.gstatic.com/firebasejs/9.12.1/firebase-database.js","firestore.memory":"https://www.gstatic.com/firebasejs/9.12.1/firebase-firestore.memory.js"}}
[info] i  Skipping write of public/index.html 
[info] 
[info] i  Detected a .git folder at C:\Users\vijay 
[info] i  Authorizing with GitHub to upload your service account to a GitHub repository's secrets store. 
[info] 
[info] Visit this URL on this device to log in:
[info] https://github.com/login/oauth/authorize?client_id=89cf50f02ac6aaed3484&state=208609605&redirect_uri=http%3A%2F%2Flocalhost%3A9005&scope=read%3Auser%20repo%20public_repo
[info] 
[info] Waiting for authentication...
[debug] [2022-10-25T13:56:21.768Z] >>> [apiv2][query] POST https://github.com/login/oauth/access_token [none]
[debug] [2022-10-25T13:56:21.768Z] >>> [apiv2][body] POST https://github.com/login/oauth/access_token [stream]
[debug] [2022-10-25T13:56:22.333Z] <<< [apiv2][status] POST https://github.com/login/oauth/access_token 200
[debug] [2022-10-25T13:56:22.333Z] <<< [apiv2][body] POST https://github.com/login/oauth/access_token {"access_token":"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","token_type":"bearer","scope":"read:user,repo"}
[debug] [2022-10-25T13:56:22.375Z] >>> [apiv2][query] GET https://api.github.com/user [none]
[debug] [2022-10-25T13:56:22.822Z] <<< [apiv2][status] GET https://api.github.com/user 200
[debug] [2022-10-25T13:56:22.823Z] <<< [apiv2][body] GET https://api.github.com/user {"login":"pushpaleelakumari","id":108827336,"node_id":"U_kgDOBnySyA","avatar_url":"https://avatars.githubusercontent.com/u/108827336?v=4","gravatar_id":"","url":"https://api.github.com/users/pushpaleelakumari","html_url":"https://github.com/pushpaleelakumari","followers_url":"https://api.github.com/users/pushpaleelakumari/followers","following_url":"https://api.github.com/users/pushpaleelakumari/following{/other_user}","gists_url":"https://api.github.com/users/pushpaleelakumari/gists{/gist_id}","starred_url":"https://api.github.com/users/pushpaleelakumari/starred{/owner}{/repo}","subscriptions_url":"https://api.github.com/users/pushpaleelakumari/subscriptions","organizations_url":"https://api.github.com/users/pushpaleelakumari/orgs","repos_url":"https://api.github.com/users/pushpaleelakumari/repos","events_url":"https://api.github.com/users/pushpaleelakumari/events{/privacy}","received_events_url":"https://api.github.com/users/pushpaleelakumari/received_events","type":"User","site_admin":false,"name":"Pushpa Leela Kumari","company":"Student At AccioJob","blog":"","location":"Andhra Pradesh","email":null,"hireable":null,"bio":"Front End Developer","twitter_username":"PushpaLeelaD","public_repos":14,"public_gists":0,"followers":4,"following":3,"created_at":"2022-07-06T17:26:24Z","updated_at":"2022-10-15T05:05:44Z","private_gists":0,"total_private_repos":0,"owned_private_repos":0,"disk_usage":39846,"collaborators":0,"two_factor_authentication":false,"plan":{"name":"free","space":976562499,"collaborators":0,"private_repos":10000}}
[info] 
[info] +  Success! Logged into GitHub as pushpaleelakumari 
[info] 
[debug] [2022-10-25T13:56:31.580Z] >>> [apiv2][query] GET https://api.github.com/repos//actions/secrets/public-key type=owner
[debug] [2022-10-25T13:56:32.115Z] <<< [apiv2][status] GET https://api.github.com/repos//actions/secrets/public-key 404
[debug] [2022-10-25T13:56:32.116Z] <<< [apiv2][body] GET https://api.github.com/repos//actions/secrets/public-key {"message":"Not Found","documentation_url":"https://docs.github.com/rest"}
[debug] [2022-10-25T13:56:36.931Z] >>> [apiv2][query] GET https://api.github.com/repos//actions/secrets/public-key type=owner
[debug] [2022-10-25T13:56:37.297Z] <<< [apiv2][status] GET https://api.github.com/repos//actions/secrets/public-key 404
[debug] [2022-10-25T13:56:37.297Z] <<< [apiv2][body] GET https://api.github.com/repos//actions/secrets/public-key {"message":"Not Found","documentation_url":"https://docs.github.com/rest"}
[debug] [2022-10-25T13:56:58.992Z] >>> [apiv2][query] GET https://api.github.com/repos/repository/actions/secrets/public-key type=owner
[debug] [2022-10-25T13:56:59.373Z] <<< [apiv2][status] GET https://api.github.com/repos/repository/actions/secrets/public-key 404
[debug] [2022-10-25T13:56:59.373Z] <<< [apiv2][body] GET https://api.github.com/repos/repository/actions/secrets/public-key {"message":"Not Found","documentation_url":"https://docs.github.com/rest"}
[debug] [2022-10-25T13:56:59.830Z] >>> [apiv2][query] GET https://api.github.com/repos/repository/actions/secrets/public-key type=owner
[debug] [2022-10-25T13:57:00.230Z] <<< [apiv2][status] GET https://api.github.com/repos/repository/actions/secrets/public-key 404
[debug] [2022-10-25T13:57:00.231Z] <<< [apiv2][body] GET https://api.github.com/repos/repository/actions/secrets/public-key {"message":"Not Found","documentation_url":"https://docs.github.com/rest"}
[debug] [2022-10-25T13:57:14.287Z] >>> [apiv2][query] GET https://api.github.com/repos//actions/secrets/public-key type=owner
[debug] [2022-10-25T13:57:14.673Z] <<< [apiv2][status] GET https://api.github.com/repos//actions/secrets/public-key 404
[debug] [2022-10-25T13:57:14.673Z] <<< [apiv2][body] GET https://api.github.com/repos//actions/secrets/public-key {"message":"Not Found","documentation_url":"https://docs.github.com/rest"}
[debug] [2022-10-25T13:57:16.156Z] >>> [apiv2][query] GET https://api.github.com/repos//actions/secrets/public-key type=owner
[debug] [2022-10-25T13:57:16.538Z] <<< [apiv2][status] GET https://api.github.com/repos//actions/secrets/public-key 404
[debug] [2022-10-25T13:57:16.538Z] <<< [apiv2][body] GET https://api.github.com/repos//actions/secrets/public-key {"message":"Not Found","documentation_url":"https://docs.github.com/rest"}
[debug] [2022-10-25T13:58:23.041Z] >>> [apiv2][query] GET https://api.github.com/repos//actions/secrets/public-key type=owner
[debug] [2022-10-25T13:58:23.428Z] <<< [apiv2][status] GET https://api.github.com/repos//actions/secrets/public-key 404
[debug] [2022-10-25T13:58:23.429Z] <<< [apiv2][body] GET https://api.github.com/repos//actions/secrets/public-key {"message":"Not Found","documentation_url":"https://docs.github.com/rest"}
[debug] [2022-10-25T14:00:41.389Z] >>> [apiv2][query] GET https://api.github.com/repos/firebase init > Login > Select project > configure hosting options > Setup automatic builds and deploys with Github?/actions/secrets/public-key type=owner
[debug] [2022-10-25T14:00:41.771Z] <<< [apiv2][status] GET https://api.github.com/repos/firebase init > Login > Select project > configure hosting options > Setup automatic builds and deploys with Github?/actions/secrets/public-key 404
[debug] [2022-10-25T14:00:41.772Z] <<< [apiv2][body] GET https://api.github.com/repos/firebase init > Login > Select project > configure hosting options > Setup automatic builds and deploys with Github?/actions/secrets/public-key {"message":"Not Found","documentation_url":"https://docs.github.com/rest"}
[debug] [2022-10-25T14:00:50.732Z] >>> [apiv2][query] GET https://api.github.com/repos//actions/secrets/public-key type=owner
[debug] [2022-10-25T14:00:51.108Z] <<< [apiv2][status] GET https://api.github.com/repos//actions/secrets/public-key 404
[debug] [2022-10-25T14:00:51.108Z] <<< [apiv2][body] GET https://api.github.com/repos//actions/secrets/public-key {"message":"Not Found","documentation_url":"https://docs.github.com/rest"}
[debug] [2022-10-25T14:00:53.035Z] >>> [apiv2][query] GET https://api.github.com/repos//actions/secrets/public-key type=owner
[debug] [2022-10-25T14:00:53.437Z] <<< [apiv2][status] GET https://api.github.com/repos//actions/secrets/public-key 404
[debug] [2022-10-25T14:00:53.438Z] <<< [apiv2][body] GET https://api.github.com/repos//actions/secrets/public-key {"message":"Not Found","documentation_url":"https://docs.github.com/rest"}
